crunchyscan/build/intermediates/manifest_merge_blame_file/release/processReleaseManifest/manifest-merger-blame-release-report.txt
1<?xml version="1.0" encoding="utf-8"?>
2<manifest xmlns:android="http://schemas.android.com/apk/res/android"
3    package="eu.tachimanga.crunchyscan" >
4
5    <uses-sdk android:minSdkVersion="21" />
6
7    <application android:label="CrunchyScan" />
7-->src\main\AndroidManifest.xml:3:5-48
7-->src\main\AndroidManifest.xml:3:18-45
8
9</manifest>